Arguments: 
  C:\Program Files\nodejs\node.exe D:\Software\Yarn\bin\yarn.js init .

PATH: 
  D:\Software\Cmder\vendor\git-for-windows\mingw64\bin;D:\Software\Cmder\vendor\git-for-windows\usr\bin;C:\Users\10293\bin;C:\Program Files\Common Files\Oracle\Java\javapath;D:\Program Files (x86)\VMware\VMware Workstation\bin;C:\Windows\system32;C:\Windows;C:\Windows\System32\Wbem;C:\Windows\System32\WindowsPowerShell\v1.0;C:\Windows\System32\OpenSSH;C:\Program Files (x86)\NVIDIA Corporation\PhysX\Common;C:\Program Files\NVIDIA Corporation\NVIDIA NvDLISR;C:\WINDOWS\system32;C:\WINDOWS;C:\WINDOWS\System32\Wbem;C:\WINDOWS\System32\WindowsPowerShell\v1.0;C:\WINDOWS\System32\OpenSSH;D:\Anaconda3;D:\Anaconda3\Scripts;D:\Anaconda3\Library\bin;D:\Java\jdk1.8.0_201\bin;D:\mysql-5.7.21\bin;D:\apache-tomcat-8.5.61\bi;D:\apache-tomcat-8.5.61\lib";D:\Anaconda3\envs\deepstudy\Lib\site-packages\qt5_tools;D:\Program Files\Git\cmd;D:\Software\Cmder\bin;C:\Users\10293\AppData\Roaming\nvm;C:\Program Files\nodejs;D:\Software\Yarn\bin;D:\Program Files\wkhtmltopdf\bin;C:\Users\10293\AppData\Roaming\nvm\v10.2.0;C:\Users\10293\AppData\Local\Microsoft\WindowsApps;D:\Program Files\Bandizip;D:\Program Files (x86)\Microsoft VS Code\bin;D:\Program Files\JetBrains\IntelliJ IDEA 2020.1\bin;D:\Program Files\JetBrains\WebStorm 2021.3.1\bin;C:\Users\10293\AppData\Roaming\nvm;C:\Program Files\nodejs;C:\Users\10293\AppData\Local\Yarn\bin

Yarn version: 
  1.22.5

Node version: 
  16.16.0

Platform: 
  win32 x64

Trace: 
  Error: canceled
      at Interface.<anonymous> (D:\Software\Yarn\lib\cli.js:137009:13)
      at Interface.emit (node:events:527:28)
      at Interface._ttyWrite (node:readline:1081:16)
      at ReadStream.onkeypress (node:readline:288:10)
      at ReadStream.emit (node:events:527:28)
      at emitKeys (node:internal/readline/utils:358:14)
      at emitKeys.next (<anonymous>)
      at ReadStream.onData (node:internal/readline/emitKeypressEvents:61:36)
      at ReadStream.emit (node:events:527:28)
      at addChunk (node:internal/streams/readable:315:12)

npm manifest: 
  No manifest

yarn manifest: 
  No manifest

Lockfile: 
  No lockfile
